----------------------------------------------------------------------
Packetlevel	3	Neighbour	20	Component	4
hidden layer:	2	0.929	95.0
hidden layer:	3	0.929	93.0
hidden layer:	4	0.929	92.0
hidden layer:	5	0.929	94.0
hidden layer:	6	0.952	96.0
hidden layer:	7	0.952	96.0
hidden layer:	8	0.952	96.0
----------------------------------------------------------------------
Packetlevel	3	Neighbour	20	Component	4
hidden layer:	2	0.512	52.0
hidden layer:	3	0.583	58.0
hidden layer:	4	0.56	60.0
hidden layer:	5	0.583	64.0
hidden layer:	6	0.56	62.0
hidden layer:	7	0.583	63.0
hidden layer:	8	0.583	62.0
hidden layer:	9	0.583	62.0
----------------------------------------------------------------------
Packetlevel	3	Neighbour	20	Component	5
hidden layer:	2	0.655	67.0
hidden layer:	3	0.655	68.0
hidden layer:	4	0.655	69.0
----------------------------------------------------------------------
Packetlevel	3	Neighbour	20	Component	4
hidden layer:	2	0.738	70.0
hidden layer:	3	0.726	71.0
hidden layer:	4	0.726	67.0
hidden layer:	5	0.726	68.0
hidden layer:	6	0.75	71.0
hidden layer:	7	0.75	69.0
hidden layer:	8	0.75	68.0
hidden layer:	9	0.75	70.0
----------------------------------------------------------------------
Packetlevel	3	Neighbour	20	Component	5
hidden layer:	2	0.702	65.0
hidden layer:	3	0.679	65.0
hidden layer:	4	0.655	64.0
hidden layer:	5	0.679	64.0
hidden layer:	6	0.655	65.0
hidden layer:	7	0.679	65.0
hidden layer:	8	0.655	63.0
hidden layer:	9	0.679	65.0
----------------------------------------------------------------------
Packetlevel	3	Neighbour	20	Component	6
hidden layer:	2	0.726	68.0
hidden layer:	3	0.702	69.0
hidden layer:	4	0.702	63.0
hidden layer:	5	0.726	64.0
hidden layer:	6	0.702	66.0
hidden layer:	7	0.702	67.0
hidden layer:	8	0.702	65.0
hidden layer:	9	0.702	65.0
----------------------------------------------------------------------
Packetlevel	3	Neighbour	20	Component	7
hidden layer:	2	0.702	67.0
hidden layer:	3	0.726	71.0
hidden layer:	4	0.702	67.0
hidden layer:	5	0.702	65.0
hidden layer:	6	0.726	69.0
hidden layer:	7	0.702	67.0
hidden layer:	8	0.702	68.0
hidden layer:	9	0.702	68.0
----------------------------------------------------------------------
Packetlevel	3	Neighbour	20	Component	8
hidden layer:	2	0.726	69.0
hidden layer:	3	0.702	69.0
hidden layer:	4	0.726	66.0
hidden layer:	5	0.75	69.0
hidden layer:	6	0.798	74.0
hidden layer:	7	0.75	71.0
hidden layer:	8	0.75	71.0
hidden layer:	9	0.774	72.0
----------------------------------------------------------------------
Packetlevel	3	Neighbour	20	Component	9
hidden layer:	2	0.726	70.0
hidden layer:	3	0.774	76.0
hidden layer:	4	0.726	72.0
hidden layer:	5	0.798	75.0
hidden layer:	6	0.774	73.0
hidden layer:	7	0.786	76.0
hidden layer:	8	0.75	73.0
hidden layer:	9	0.75	73.0
----------------------------------------------------------------------
Packetlevel	3	Neighbour	20	Component	10
hidden layer:	2	0.798	73.0
hidden layer:	3	0.75	72.0
hidden layer:	4	0.726	75.0
hidden layer:	5	0.726	73.0
hidden layer:	6	0.75	75.0
hidden layer:	7	0.774	75.0
hidden layer:	8	0.75	75.0
hidden layer:	9	0.75	75.0
----------------------------------------------------------------------
Packetlevel	3	Neighbour	20	Component	11
hidden layer:	2	0.774	71.0
hidden layer:	3	0.75	76.0
hidden layer:	4	0.726	73.0
hidden layer:	5	0.726	75.0
hidden layer:	6	0.726	72.0
hidden layer:	7	0.75	72.0
hidden layer:	8	0.75	73.0
hidden layer:	9	0.75	73.0
----------------------------------------------------------------------
Packetlevel	3	Neighbour	25	Component	4
hidden layer:	2	0.738	76.0
hidden layer:	3	0.762	76.0
hidden layer:	4	0.762	73.0
hidden layer:	5	0.738	75.0
hidden layer:	6	0.738	74.0
hidden layer:	7	0.714	77.0
hidden layer:	8	0.714	71.0
hidden layer:	9	0.714	74.0
----------------------------------------------------------------------
Packetlevel	3	Neighbour	25	Component	5
hidden layer:	2	0.762	80.0
hidden layer:	3	0.762	77.0
hidden layer:	4	0.786	78.0
hidden layer:	5	0.762	78.0
hidden layer:	6	0.738	77.0
hidden layer:	7	0.762	78.0
hidden layer:	8	0.762	79.0
hidden layer:	9	0.786	79.0
----------------------------------------------------------------------
Packetlevel	3	Neighbour	25	Component	6
hidden layer:	2	0.738	77.0
hidden layer:	3	0.762	75.0
hidden layer:	4	0.738	75.0
hidden layer:	5	0.762	75.0
hidden layer:	6	0.762	77.0
hidden layer:	7	0.786	77.0
hidden layer:	8	0.762	79.0
hidden layer:	9	0.762	77.0
----------------------------------------------------------------------
Packetlevel	3	Neighbour	25	Component	7
hidden layer:	2	0.762	78.0
hidden layer:	3	0.762	78.0
hidden layer:	4	0.762	79.0
hidden layer:	5	0.762	80.0
hidden layer:	6	0.762	78.0
hidden layer:	7	0.786	81.0
hidden layer:	8	0.762	82.0
hidden layer:	9	0.762	80.0
----------------------------------------------------------------------
Packetlevel	3	Neighbour	25	Component	8
hidden layer:	2	0.762	80.0
hidden layer:	3	0.786	80.0
hidden layer:	4	0.81	81.0
hidden layer:	5	0.786	78.0
hidden layer:	6	0.738	82.0
hidden layer:	7	0.762	82.0
hidden layer:	8	0.762	82.0
hidden layer:	9	0.762	80.0
----------------------------------------------------------------------
Packetlevel	3	Neighbour	25	Component	9
hidden layer:	2	0.762	80.0
hidden layer:	3	0.774	76.0
hidden layer:	4	0.774	74.0
hidden layer:	5	0.774	73.0
hidden layer:	6	0.774	79.0
hidden layer:	7	0.786	81.0
hidden layer:	8	0.786	77.0
hidden layer:	9	0.786	80.0
----------------------------------------------------------------------
Packetlevel	3	Neighbour	25	Component	10
hidden layer:	2	0.762	79.0
hidden layer:	3	0.75	76.0
hidden layer:	4	0.75	72.0
hidden layer:	5	0.786	75.0
hidden layer:	6	0.774	72.0
hidden layer:	7	0.762	75.0
hidden layer:	8	0.738	73.0
hidden layer:	9	0.786	76.0
----------------------------------------------------------------------
Packetlevel	3	Neighbour	25	Component	11
hidden layer:	2	0.75	75.0
hidden layer:	3	0.774	76.0
hidden layer:	4	0.75	75.0
hidden layer:	5	0.75	76.0
hidden layer:	6	0.774	77.0
hidden layer:	7	0.774	77.0
hidden layer:	8	0.774	76.0
hidden layer:	9	0.774	78.0
----------------------------------------------------------------------
Packetlevel	3	Neighbour	30	Component	4
hidden layer:	2	0.69	68.0
hidden layer:	3	0.714	70.0
hidden layer:	4	0.738	73.0
hidden layer:	5	0.738	75.0
hidden layer:	6	0.738	72.0
hidden layer:	7	0.738	70.0
hidden layer:	8	0.714	71.0
hidden layer:	9	0.714	71.0
----------------------------------------------------------------------
Packetlevel	3	Neighbour	30	Component	5
hidden layer:	2	0.714	70.0
hidden layer:	3	0.714	73.0
hidden layer:	4	0.69	71.0
hidden layer:	5	0.714	72.0
hidden layer:	6	0.714	68.0
hidden layer:	7	0.762	72.0
hidden layer:	8	0.738	69.0
hidden layer:	9	0.738	69.0
----------------------------------------------------------------------
Packetlevel	3	Neighbour	30	Component	6
hidden layer:	2	0.738	73.0
hidden layer:	3	0.738	74.0
hidden layer:	4	0.762	75.0
hidden layer:	5	0.714	73.0
hidden layer:	6	0.69	71.0
hidden layer:	7	0.714	69.0
hidden layer:	8	0.738	72.0
hidden layer:	9	0.69	69.0
----------------------------------------------------------------------
Packetlevel	3	Neighbour	30	Component	7
hidden layer:	2	0.714	71.0
hidden layer:	3	0.762	74.0
hidden layer:	4	0.714	73.0
hidden layer:	5	0.702	74.0
hidden layer:	6	0.726	73.0
hidden layer:	7	0.679	68.0
hidden layer:	8	0.714	68.0
hidden layer:	9	0.702	69.0
----------------------------------------------------------------------
Packetlevel	3	Neighbour	30	Component	8
hidden layer:	2	0.762	77.0
